Copyright 1986-2022 Xilinx, Inc. All Rights Reserved.
--------------------------------------------------------------------------------------------------------------------------------------------------------------------------------------------------------------------
| Tool Version : Vivado v.2022.2 (win64) Build 3671981 Fri Oct 14 05:00:03 MDT 2022
| Date         : Thu Oct 31 13:35:52 2024
| Host         : WORKSTATION running 64-bit major release  (build 9200)
| Command      : report_methodology -file core_uart_wrapper_zedboard_methodology_drc_routed.rpt -pb core_uart_wrapper_zedboard_methodology_drc_routed.pb -rpx core_uart_wrapper_zedboard_methodology_drc_routed.rpx
| Design       : core_uart_wrapper_zedboard
| Device       : xc7z020clg484-3
| Speed File   : -3
| Design State : Fully Routed
--------------------------------------------------------------------------------------------------------------------------------------------------------------------------------------------------------------------

Report Methodology

Table of Contents
-----------------
1. REPORT SUMMARY
2. REPORT DETAILS

1. REPORT SUMMARY
-----------------
            Netlist: netlist
          Floorplan: design_1
      Design limits: <entire design considered>
             Max violations: <unlimited>
             Violations found: 59
+-----------+------------------+-----------------------------+------------+
| Rule      | Severity         | Description                 | Violations |
+-----------+------------------+-----------------------------+------------+
| TIMING-17 | Critical Warning | Non-clocked sequential cell | 59         |
+-----------+------------------+-----------------------------+------------+

2. REPORT DETAILS
-----------------
TIMING-17#1 Critical Warning
Non-clocked sequential cell  
The clock pin inst_core_uart/inst_core_uart_rx/FSM_sequential_s_fsm_main_reg[0]/C is not reached by a timing clock
Related violations: <none>

TIMING-17#2 Critical Warning
Non-clocked sequential cell  
The clock pin inst_core_uart/inst_core_uart_rx/FSM_sequential_s_fsm_main_reg[1]/C is not reached by a timing clock
Related violations: <none>

TIMING-17#3 Critical Warning
Non-clocked sequential cell  
The clock pin inst_core_uart/inst_core_uart_rx/s_cnt_baud_rate_reg[0]/C is not reached by a timing clock
Related violations: <none>

TIMING-17#4 Critical Warning
Non-clocked sequential cell  
The clock pin inst_core_uart/inst_core_uart_rx/s_cnt_baud_rate_reg[1]/C is not reached by a timing clock
Related violations: <none>

TIMING-17#5 Critical Warning
Non-clocked sequential cell  
The clock pin inst_core_uart/inst_core_uart_rx/s_cnt_baud_rate_reg[2]/C is not reached by a timing clock
Related violations: <none>

TIMING-17#6 Critical Warning
Non-clocked sequential cell  
The clock pin inst_core_uart/inst_core_uart_rx/s_cnt_baud_rate_reg[3]/C is not reached by a timing clock
Related violations: <none>

TIMING-17#7 Critical Warning
Non-clocked sequential cell  
The clock pin inst_core_uart/inst_core_uart_rx/s_cnt_baud_rate_reg[4]/C is not reached by a timing clock
Related violations: <none>

TIMING-17#8 Critical Warning
Non-clocked sequential cell  
The clock pin inst_core_uart/inst_core_uart_rx/s_cnt_baud_rate_reg[5]/C is not reached by a timing clock
Related violations: <none>

TIMING-17#9 Critical Warning
Non-clocked sequential cell  
The clock pin inst_core_uart/inst_core_uart_rx/s_cnt_bit_reg[0]/C is not reached by a timing clock
Related violations: <none>

TIMING-17#10 Critical Warning
Non-clocked sequential cell  
The clock pin inst_core_uart/inst_core_uart_rx/s_cnt_bit_reg[1]/C is not reached by a timing clock
Related violations: <none>

TIMING-17#11 Critical Warning
Non-clocked sequential cell  
The clock pin inst_core_uart/inst_core_uart_rx/s_cnt_bit_reg[2]/C is not reached by a timing clock
Related violations: <none>

TIMING-17#12 Critical Warning
Non-clocked sequential cell  
The clock pin inst_core_uart/inst_core_uart_rx/s_cnt_tick_reg[0]/C is not reached by a timing clock
Related violations: <none>

TIMING-17#13 Critical Warning
Non-clocked sequential cell  
The clock pin inst_core_uart/inst_core_uart_rx/s_cnt_tick_reg[1]/C is not reached by a timing clock
Related violations: <none>

TIMING-17#14 Critical Warning
Non-clocked sequential cell  
The clock pin inst_core_uart/inst_core_uart_rx/s_cnt_tick_reg[2]/C is not reached by a timing clock
Related violations: <none>

TIMING-17#15 Critical Warning
Non-clocked sequential cell  
The clock pin inst_core_uart/inst_core_uart_rx/s_cnt_tick_reg[3]/C is not reached by a timing clock
Related violations: <none>

TIMING-17#16 Critical Warning
Non-clocked sequential cell  
The clock pin inst_core_uart/inst_core_uart_rx/s_data_reg[0]/C is not reached by a timing clock
Related violations: <none>

TIMING-17#17 Critical Warning
Non-clocked sequential cell  
The clock pin inst_core_uart/inst_core_uart_rx/s_data_reg[1]/C is not reached by a timing clock
Related violations: <none>

TIMING-17#18 Critical Warning
Non-clocked sequential cell  
The clock pin inst_core_uart/inst_core_uart_rx/s_data_reg[2]/C is not reached by a timing clock
Related violations: <none>

TIMING-17#19 Critical Warning
Non-clocked sequential cell  
The clock pin inst_core_uart/inst_core_uart_rx/s_data_reg[3]/C is not reached by a timing clock
Related violations: <none>

TIMING-17#20 Critical Warning
Non-clocked sequential cell  
The clock pin inst_core_uart/inst_core_uart_rx/s_data_reg[4]/C is not reached by a timing clock
Related violations: <none>

TIMING-17#21 Critical Warning
Non-clocked sequential cell  
The clock pin inst_core_uart/inst_core_uart_rx/s_data_reg[5]/C is not reached by a timing clock
Related violations: <none>

TIMING-17#22 Critical Warning
Non-clocked sequential cell  
The clock pin inst_core_uart/inst_core_uart_rx/s_data_reg[6]/C is not reached by a timing clock
Related violations: <none>

TIMING-17#23 Critical Warning
Non-clocked sequential cell  
The clock pin inst_core_uart/inst_core_uart_rx/s_data_reg[7]/C is not reached by a timing clock
Related violations: <none>

TIMING-17#24 Critical Warning
Non-clocked sequential cell  
The clock pin inst_core_uart/inst_core_uart_rx/s_data_reg_reg[0]/C is not reached by a timing clock
Related violations: <none>

TIMING-17#25 Critical Warning
Non-clocked sequential cell  
The clock pin inst_core_uart/inst_core_uart_rx/s_data_reg_reg[1]/C is not reached by a timing clock
Related violations: <none>

TIMING-17#26 Critical Warning
Non-clocked sequential cell  
The clock pin inst_core_uart/inst_core_uart_rx/s_data_reg_reg[2]/C is not reached by a timing clock
Related violations: <none>

TIMING-17#27 Critical Warning
Non-clocked sequential cell  
The clock pin inst_core_uart/inst_core_uart_rx/s_data_reg_reg[3]/C is not reached by a timing clock
Related violations: <none>

TIMING-17#28 Critical Warning
Non-clocked sequential cell  
The clock pin inst_core_uart/inst_core_uart_rx/s_data_reg_reg[4]/C is not reached by a timing clock
Related violations: <none>

TIMING-17#29 Critical Warning
Non-clocked sequential cell  
The clock pin inst_core_uart/inst_core_uart_rx/s_data_reg_reg[5]/C is not reached by a timing clock
Related violations: <none>

TIMING-17#30 Critical Warning
Non-clocked sequential cell  
The clock pin inst_core_uart/inst_core_uart_rx/s_data_reg_reg[6]/C is not reached by a timing clock
Related violations: <none>

TIMING-17#31 Critical Warning
Non-clocked sequential cell  
The clock pin inst_core_uart/inst_core_uart_rx/s_data_reg_reg[7]/C is not reached by a timing clock
Related violations: <none>

TIMING-17#32 Critical Warning
Non-clocked sequential cell  
The clock pin inst_core_uart/inst_core_uart_rx/s_rx_meta_reg/C is not reached by a timing clock
Related violations: <none>

TIMING-17#33 Critical Warning
Non-clocked sequential cell  
The clock pin inst_core_uart/inst_core_uart_rx/s_rx_sync_reg/C is not reached by a timing clock
Related violations: <none>

TIMING-17#34 Critical Warning
Non-clocked sequential cell  
The clock pin inst_core_uart/inst_core_uart_rx/s_tick_reg/C is not reached by a timing clock
Related violations: <none>

TIMING-17#35 Critical Warning
Non-clocked sequential cell  
The clock pin inst_core_uart/inst_core_uart_tx/FSM_sequential_s_fsm_main_reg[0]/C is not reached by a timing clock
Related violations: <none>

TIMING-17#36 Critical Warning
Non-clocked sequential cell  
The clock pin inst_core_uart/inst_core_uart_tx/FSM_sequential_s_fsm_main_reg[1]/C is not reached by a timing clock
Related violations: <none>

TIMING-17#37 Critical Warning
Non-clocked sequential cell  
The clock pin inst_core_uart/inst_core_uart_tx/s_cnt_bit_reg[0]/C is not reached by a timing clock
Related violations: <none>

TIMING-17#38 Critical Warning
Non-clocked sequential cell  
The clock pin inst_core_uart/inst_core_uart_tx/s_cnt_bit_reg[1]/C is not reached by a timing clock
Related violations: <none>

TIMING-17#39 Critical Warning
Non-clocked sequential cell  
The clock pin inst_core_uart/inst_core_uart_tx/s_cnt_bit_reg[2]/C is not reached by a timing clock
Related violations: <none>

TIMING-17#40 Critical Warning
Non-clocked sequential cell  
The clock pin inst_core_uart/inst_core_uart_tx/s_cnt_clk_reg[0]/C is not reached by a timing clock
Related violations: <none>

TIMING-17#41 Critical Warning
Non-clocked sequential cell  
The clock pin inst_core_uart/inst_core_uart_tx/s_cnt_clk_reg[1]/C is not reached by a timing clock
Related violations: <none>

TIMING-17#42 Critical Warning
Non-clocked sequential cell  
The clock pin inst_core_uart/inst_core_uart_tx/s_cnt_clk_reg[2]/C is not reached by a timing clock
Related violations: <none>

TIMING-17#43 Critical Warning
Non-clocked sequential cell  
The clock pin inst_core_uart/inst_core_uart_tx/s_cnt_clk_reg[3]/C is not reached by a timing clock
Related violations: <none>

TIMING-17#44 Critical Warning
Non-clocked sequential cell  
The clock pin inst_core_uart/inst_core_uart_tx/s_cnt_clk_reg[4]/C is not reached by a timing clock
Related violations: <none>

TIMING-17#45 Critical Warning
Non-clocked sequential cell  
The clock pin inst_core_uart/inst_core_uart_tx/s_cnt_clk_reg[5]/C is not reached by a timing clock
Related violations: <none>

TIMING-17#46 Critical Warning
Non-clocked sequential cell  
The clock pin inst_core_uart/inst_core_uart_tx/s_cnt_clk_reg[6]/C is not reached by a timing clock
Related violations: <none>

TIMING-17#47 Critical Warning
Non-clocked sequential cell  
The clock pin inst_core_uart/inst_core_uart_tx/s_cnt_clk_reg[7]/C is not reached by a timing clock
Related violations: <none>

TIMING-17#48 Critical Warning
Non-clocked sequential cell  
The clock pin inst_core_uart/inst_core_uart_tx/s_cnt_clk_reg[8]/C is not reached by a timing clock
Related violations: <none>

TIMING-17#49 Critical Warning
Non-clocked sequential cell  
The clock pin inst_core_uart/inst_core_uart_tx/s_cnt_clk_reg[9]/C is not reached by a timing clock
Related violations: <none>

TIMING-17#50 Critical Warning
Non-clocked sequential cell  
The clock pin inst_core_uart/inst_core_uart_tx/s_data_reg_reg[0]/C is not reached by a timing clock
Related violations: <none>

TIMING-17#51 Critical Warning
Non-clocked sequential cell  
The clock pin inst_core_uart/inst_core_uart_tx/s_data_reg_reg[1]/C is not reached by a timing clock
Related violations: <none>

TIMING-17#52 Critical Warning
Non-clocked sequential cell  
The clock pin inst_core_uart/inst_core_uart_tx/s_data_reg_reg[2]/C is not reached by a timing clock
Related violations: <none>

TIMING-17#53 Critical Warning
Non-clocked sequential cell  
The clock pin inst_core_uart/inst_core_uart_tx/s_data_reg_reg[3]/C is not reached by a timing clock
Related violations: <none>

TIMING-17#54 Critical Warning
Non-clocked sequential cell  
The clock pin inst_core_uart/inst_core_uart_tx/s_data_reg_reg[4]/C is not reached by a timing clock
Related violations: <none>

TIMING-17#55 Critical Warning
Non-clocked sequential cell  
The clock pin inst_core_uart/inst_core_uart_tx/s_data_reg_reg[5]/C is not reached by a timing clock
Related violations: <none>

TIMING-17#56 Critical Warning
Non-clocked sequential cell  
The clock pin inst_core_uart/inst_core_uart_tx/s_data_reg_reg[6]/C is not reached by a timing clock
Related violations: <none>

TIMING-17#57 Critical Warning
Non-clocked sequential cell  
The clock pin inst_core_uart/inst_core_uart_tx/s_data_reg_reg[7]/C is not reached by a timing clock
Related violations: <none>

TIMING-17#58 Critical Warning
Non-clocked sequential cell  
The clock pin inst_core_uart/inst_core_uart_tx/s_tx_reg/C is not reached by a timing clock
Related violations: <none>

TIMING-17#59 Critical Warning
Non-clocked sequential cell  
The clock pin s_tx_data_en_r_reg/C is not reached by a timing clock
Related violations: <none>


