Vivado Simulator v2022.2
Copyright 1986-1999, 2001-2022 Xilinx, Inc. All Rights Reserved.
Running: C:/Applications/Xilinx/Vivado/2022.2/bin/unwrapped/win64.o/xelab.exe --incr --debug typical --relax --mt 2 -L xil_defaultlib -L unisims_ver -L unimacro_ver -L secureip -L xpm --snapshot bch_core_uart_wrapper_zedboard_behav xil_defaultlib.bch_core_uart_wrapper_zedboard xil_defaultlib.glbl -log elaborate.log 
Using 2 slave threads.
Starting static elaboration
Pass Through NonSizing Optimizer
Completed static elaboration
Starting simulation data flow analysis
Completed simulation data flow analysis
Time Resolution for simulation is 1ps
Compiling package std.standard
Compiling package std.textio
Compiling package ieee.std_logic_1164
Compiling package ieee.numeric_std
Compiling package ieee.math_real
Compiling package xil_defaultlib.pkg_mgt_file
Compiling package xil_defaultlib.pkg_core_uart_tx
Compiling package xil_defaultlib.pkg_core_uart_rx
Compiling package xil_defaultlib.pkg_core_uart_wrapper_zedboard
Compiling package xil_defaultlib.pkg_gen_heartbeat
Compiling package vl.vl_types
Compiling module xil_defaultlib.glbl
Compiling architecture rtl of entity xil_defaultlib.core_uart_tx [core_uart_tx_default]
Compiling architecture rtl of entity xil_defaultlib.core_uart_rx [core_uart_rx_default]
Compiling architecture schematic of entity xil_defaultlib.core_uart [core_uart_default]
Compiling module unisims_ver.IBUF
Compiling module unisims_ver.MMCME2_ADV(CLKFBOUT_MULT_F=10.0,...
Compiling module unisims_ver.BUFG
Compiling module xil_defaultlib.ip_mmcm_clk_wiz
Compiling module xil_defaultlib.ip_mmcm
Compiling architecture rtl of entity xil_defaultlib.gen_heartbeat [\gen_heartbeat(g_clk_o_freq=1)\]
Compiling architecture schematic of entity xil_defaultlib.core_uart_wrapper_zedboard [core_uart_wrapper_zedboard_defau...]
Compiling architecture behavioral of entity xil_defaultlib.bch_core_uart_wrapper_zedboard
Built simulation snapshot bch_core_uart_wrapper_zedboard_behav
